#
# A fatal error has been detected by the Java Runtime Environment:
#
#  SIGSEGV (0xb) at pc=0x00007f57500bf393, pid=53932, tid=53940
#
# JRE version: OpenJDK Runtime Environment (16.0.2+7) (build 16.0.2+7-67)
# Java VM: OpenJDK 64-Bit Server VM (16.0.2+7-67, mixed mode, tiered, compressed oops, compressed class ptrs, g1 gc, linux-amd64)
# Problematic frame:
# C  [libjimage.so+0x4393]  ImageStrings::find(Endian*, char const*, int*, unsigned int)+0x63
#
# Core dump will be written. Default location: Core dumps may be processed with "/usr/lib/systemd/systemd-coredump %P %u %g %s %t %c %h" (or dumping to /home/Puente/PC/1ºCFGS - Desarrollo de Aplicaciones Multiplataforma/Proyectos/Java/Java/Banca/core.53932)
#
# If you would like to submit a bug report, please visit:
#   https://bugreport.java.com/bugreport/crash.jsp
#

---------------  S U M M A R Y ------------

Command Line: -XX:+ShowCodeDetailsInExceptionMessages -agentlib:jdwp=transport=dt_socket,suspend=y,address=localhost:33357 -javaagent:/home/Puente/PC/1ºCFGS - Desarrollo de Aplicaciones Multiplataforma/Eclipse - Linux/configuration/org.eclipse.osgi/410/0/.cp/lib/javaagent-shaded.jar -Dfile.encoding=UTF-8 mainapp.MainApp

Host: Intel(R) Core(TM) i7-7700HQ CPU @ 2.80GHz, 8 cores, 7G, Manjaro Linux
Time: Mon Nov 22 13:48:17 2021 CET elapsed time: 124.918111 seconds (0d 0h 2m 4s)

---------------  T H R E A D  ---------------

Current thread (0x00007f5748025c30):  JavaThread "main" [_thread_in_vm, id=53940, stack(0x00007f574e9fc000,0x00007f574eafd000)]

Stack: [0x00007f574e9fc000,0x00007f574eafd000],  sp=0x00007f574eafa020,  free space=1016k
Native frames: (J=compiled Java code, A=aot compiled Java code, j=interpreted, Vv=VM code, C=native code)
C  [libjimage.so+0x4393]  ImageStrings::find(Endian*, char const*, int*, unsigned int)+0x63
C  [libjimage.so+0x50de]  ImageFileReader::find_location_index(char const*, unsigned long long*) const+0x3e
C  [libjimage.so+0x55bc]  JIMAGE_FindResource+0xfc
V  [libjvm.so+0x55e431]